<?xml version="1.0" encoding="UTF-8"?>
<!-- Generated by org.testng.reporters.JUnitReportReporter -->
<testsuite skipped="0" hostname="E0398454" name="testCases.Framework_002" tests="1" failures="0" timestamp="01 May 2019 05:56:42 GMT" time="7.196" errors="0">
  <testcase name="f" time="7.196" classname="testCases.Framework_002"/>
</testsuite> <!-- testCases.Framework_002 -->
