<?xml version="1.0" encoding="UTF-8"?>
<!-- Generated by org.testng.reporters.JUnitReportReporter -->
<testsuite skipped="0" hostname="E0398454" name="testCases.Framework_001" tests="1" failures="0" timestamp="03 May 2019 09:23:56 GMT" time="12.978" errors="0">
  <testcase name="main" time="12.978" classname="testCases.Framework_001"/>
</testsuite> <!-- testCases.Framework_001 -->
