<?xml version="1.0" encoding="UTF-8"?>
<!-- Generated by org.testng.reporters.JUnitReportReporter -->
<testsuite skipped="0" hostname="E0398454" name="testCases.Framework_001" tests="1" failures="0" timestamp="17 Apr 2019 08:03:12 GMT" time="13.861" errors="0">
  <testcase name="main" time="13.861" classname="testCases.Framework_001"/>
</testsuite> <!-- testCases.Framework_001 -->
