<?xml version="1.0" encoding="UTF-8"?>
<!-- Generated by org.testng.reporters.JUnitReportReporter -->
<testsuite skipped="0" hostname="E0398454" name="testCases.Framework_002" tests="1" failures="0" timestamp="03 May 2019 09:37:30 GMT" time="11.680" errors="0">
  <testcase name="f" time="11.680" classname="testCases.Framework_002"/>
</testsuite> <!-- testCases.Framework_002 -->
