<?xml version="1.0" encoding="UTF-8"?>
<!-- Generated by org.testng.reporters.JUnitReportReporter -->
<testsuite skipped="0" hostname="E0398454" name="testCases.Framework_001" tests="1" failures="0" timestamp="01 May 2019 05:56:42 GMT" time="12.119" errors="0">
  <testcase name="main" time="12.119" classname="testCases.Framework_001"/>
</testsuite> <!-- testCases.Framework_001 -->
