<?xml version="1.0" encoding="UTF-8"?>
<!-- Generated by org.testng.reporters.JUnitReportReporter -->
<testsuite skipped="0" hostname="E0398454" name="testCases.Framework_002" tests="1" failures="0" timestamp="05 Feb 2019 08:25:36 GMT" time="8.554" errors="0">
  <testcase name="f" time="8.554" classname="testCases.Framework_002"/>
</testsuite> <!-- testCases.Framework_002 -->
